0: /usr/bin/node
1: /home/mamajews/Development/CloudFunctionOptimizer/app.js
2: ./results/step2/montage_AWS_256_512_1024x5/tmp-times.json
3: ./results/step2/montage_AWS_256_512_1024x5/dag-every_possible6.json
4: ./configuration/config.json
5: 8
6: 6
Config path ./configuration/config.json
Starting Application
Configuration {"budgetParameter":1,"deadlineParameter":1,"functionTypes":["256","512","1024"],"count":5,"provider":"AWS","algorithm":"every_possible","workflow":"montage","dag":"small_graphs/wf_0.02_with_id.json","prices":{"AWS":{"128":2.08e-7,"256":4.17e-7,"512":8.34e-7,"1024":0.000001667,"1536":0.000002501,"2048":0.000003334,"2560":0.000004168,"3008":0.000004897},"GCF":{"256":4.63e-7,"512":9.25e-7,"1024":0.00000165,"2048":0.0000029},"overheads":{"AWS":0.043,"GCF":0.15,"IBM":0.13}},"nth":"8","starting":"6"}
maxDeadline: 40224
minDeadline: 17443
userDeadline: 40224
userBudget: 0.0007034740000000003
Starting: 6
Nth: 8
Combinations to process: 1452826.83375
-----------
Combinations so far: 0
Finished: 0.00%
Time : Sun Nov 17 2019 21:37:29 GMT+0100 (CET)
Best cost so far: 1000000000
Best time so far: 1000000000
Best time so far: (not in constrains): 1000000000
Best cost so far: (not in constrains): 1000000000
Pareto front length: 0
-----------
Combinations so far: 100000
Finished: 7.00%
Time : Sun Nov 17 2019 21:38:09 GMT+0100 (CET)
Best cost so far: 0.00039072900000000003
Best time so far: 28989
Best time so far: (not in constrains): 28989
Best cost so far: (not in constrains): 0.00039072900000000003
Pareto front length: 27
-----------
Combinations so far: 200000
Finished: 14.00%
Time : Sun Nov 17 2019 21:38:52 GMT+0100 (CET)
Best cost so far: 0.00038822700000000005
Best time so far: 28612
Best time so far: (not in constrains): 28612
Best cost so far: (not in constrains): 0.00038822700000000005
Pareto front length: 33
-----------
Combinations so far: 300000
Finished: 21.00%
Time : Sun Nov 17 2019 21:39:35 GMT+0100 (CET)
Best cost so far: 0.00038822700000000005
Best time so far: 28268
Best time so far: (not in constrains): 28268
Best cost so far: (not in constrains): 0.00038822700000000005
Pareto front length: 42
-----------
Combinations so far: 400000
Finished: 28.00%
Time : Sun Nov 17 2019 21:40:21 GMT+0100 (CET)
Best cost so far: 0.00038822700000000005
Best time so far: 28268
Best time so far: (not in constrains): 28268
Best cost so far: (not in constrains): 0.00038822700000000005
Pareto front length: 44
-----------
Combinations so far: 500000
Finished: 34.00%
Time : Sun Nov 17 2019 21:41:07 GMT+0100 (CET)
Best cost so far: 0.00038822700000000005
Best time so far: 28268
Best time so far: (not in constrains): 28268
Best cost so far: (not in constrains): 0.00038822700000000005
Pareto front length: 43
-----------
Combinations so far: 600000
Finished: 41.00%
Time : Sun Nov 17 2019 21:41:50 GMT+0100 (CET)
Best cost so far: 0.00038822700000000005
Best time so far: 28268
Best time so far: (not in constrains): 28268
Best cost so far: (not in constrains): 0.00038822700000000005
Pareto front length: 43
-----------
Combinations so far: 700000
Finished: 48.00%
Time : Sun Nov 17 2019 21:42:33 GMT+0100 (CET)
Best cost so far: 0.00038822700000000005
Best time so far: 28268
Best time so far: (not in constrains): 28268
Best cost so far: (not in constrains): 0.00038822700000000005
Pareto front length: 43
-----------
Combinations so far: 800000
Finished: 55.00%
Time : Sun Nov 17 2019 21:43:15 GMT+0100 (CET)
Best cost so far: 0.00038822700000000005
Best time so far: 28268
Best time so far: (not in constrains): 28268
Best cost so far: (not in constrains): 0.00038822700000000005
Pareto front length: 43
-----------
Combinations so far: 900000
Finished: 62.00%
Time : Sun Nov 17 2019 21:43:57 GMT+0100 (CET)
Best cost so far: 0.00038822700000000005
Best time so far: 27461
Best time so far: (not in constrains): 27461
Best cost so far: (not in constrains): 0.00038822700000000005
Pareto front length: 39
-----------
Combinations so far: 1000000
Finished: 69.00%
Time : Sun Nov 17 2019 21:44:40 GMT+0100 (CET)
Best cost so far: 0.00038822700000000005
Best time so far: 27370
Best time so far: (not in constrains): 27370
Best cost so far: (not in constrains): 0.00038822700000000005
Pareto front length: 44
-----------
Combinations so far: 1100000
Finished: 76.00%
Time : Sun Nov 17 2019 21:45:23 GMT+0100 (CET)
Best cost so far: 0.00038822700000000005
Best time so far: 27370
Best time so far: (not in constrains): 27370
Best cost so far: (not in constrains): 0.00038822700000000005
Pareto front length: 46
-----------
Combinations so far: 1200000
Finished: 83.00%
Time : Sun Nov 17 2019 21:46:04 GMT+0100 (CET)
Best cost so far: 0.00038822700000000005
Best time so far: 27370
Best time so far: (not in constrains): 27370
Best cost so far: (not in constrains): 0.00038822700000000005
Pareto front length: 47
-----------
Combinations so far: 1300000
Finished: 89.00%
Time : Sun Nov 17 2019 21:46:44 GMT+0100 (CET)
Best cost so far: 0.00038822700000000005
Best time so far: 27370
Best time so far: (not in constrains): 27370
Best cost so far: (not in constrains): 0.00038822700000000005
Pareto front length: 47
-----------
Combinations so far: 1400000
Finished: 96.00%
Time : Sun Nov 17 2019 21:47:24 GMT+0100 (CET)
Best cost so far: 0.00038822700000000005
Best time so far: 27370
Best time so far: (not in constrains): 27370
Best cost so far: (not in constrains): 0.00038822700000000005
Pareto front length: 47
Best const in constrains: 0.00038822700000000005 Best time in constrains: : 27370
