0: /usr/bin/node
1: /home/mamajews/Development/CloudFunctionOptimizer/app.js
2: ./results/step2/montage_AWS_256_512_1024x5/tmp-times.json
3: ./results/step2/montage_AWS_256_512_1024x5/dag-every_possible3.json
4: ./configuration/config.json
5: 8
6: 3
Config path ./configuration/config.json
Starting Application
Configuration {"budgetParameter":1,"deadlineParameter":1,"functionTypes":["256","512","1024"],"count":5,"provider":"AWS","algorithm":"every_possible","workflow":"montage","dag":"small_graphs/wf_0.02_with_id.json","prices":{"AWS":{"128":2.08e-7,"256":4.17e-7,"512":8.34e-7,"1024":0.000001667,"1536":0.000002501,"2048":0.000003334,"2560":0.000004168,"3008":0.000004897},"GCF":{"256":4.63e-7,"512":9.25e-7,"1024":0.00000165,"2048":0.0000029},"overheads":{"AWS":0.043,"GCF":0.15,"IBM":0.13}},"nth":"8","starting":"3"}
maxDeadline: 40224
minDeadline: 17443
userDeadline: 40224
userBudget: 0.0007034740000000003
Starting: 3
Nth: 8
Combinations to process: 1452826.83375
-----------
Combinations so far: 0
Finished: 0.00%
Time : Sun Nov 17 2019 19:53:18 GMT+0100 (CET)
Best cost so far: 1000000000
Best time so far: 1000000000
Best time so far: (not in constrains): 1000000000
Best cost so far: (not in constrains): 1000000000
Pareto front length: 0
-----------
Combinations so far: 100000
Finished: 7.00%
Time : Sun Nov 17 2019 19:53:57 GMT+0100 (CET)
Best cost so far: 0.00038864400000000006
Best time so far: 28612
Best time so far: (not in constrains): 28612
Best cost so far: (not in constrains): 0.00038489100000000005
Pareto front length: 13
-----------
Combinations so far: 200000
Finished: 14.00%
Time : Sun Nov 17 2019 19:54:35 GMT+0100 (CET)
Best cost so far: 0.000386142
Best time so far: 28612
Best time so far: (not in constrains): 28612
Best cost so far: (not in constrains): 0.00038489100000000005
Pareto front length: 13
-----------
Combinations so far: 300000
Finished: 21.00%
Time : Sun Nov 17 2019 19:55:12 GMT+0100 (CET)
Best cost so far: 0.000386142
Best time so far: 28282
Best time so far: (not in constrains): 28282
Best cost so far: (not in constrains): 0.00038489100000000005
Pareto front length: 16
-----------
Combinations so far: 400000
Finished: 28.00%
Time : Sun Nov 17 2019 19:55:50 GMT+0100 (CET)
Best cost so far: 0.000386142
Best time so far: 28282
Best time so far: (not in constrains): 28282
Best cost so far: (not in constrains): 0.00038489100000000005
Pareto front length: 16
-----------
Combinations so far: 500000
Finished: 34.00%
Time : Sun Nov 17 2019 19:56:27 GMT+0100 (CET)
Best cost so far: 0.000386142
Best time so far: 28282
Best time so far: (not in constrains): 28282
Best cost so far: (not in constrains): 0.00038489100000000005
Pareto front length: 17
-----------
Combinations so far: 600000
Finished: 41.00%
Time : Sun Nov 17 2019 19:57:05 GMT+0100 (CET)
Best cost so far: 0.000386142
Best time so far: 28282
Best time so far: (not in constrains): 28282
Best cost so far: (not in constrains): 0.00038489100000000005
Pareto front length: 18
-----------
Combinations so far: 700000
Finished: 48.00%
Time : Sun Nov 17 2019 19:57:43 GMT+0100 (CET)
Best cost so far: 0.000386142
Best time so far: 28282
Best time so far: (not in constrains): 28282
Best cost so far: (not in constrains): 0.00038489100000000005
Pareto front length: 18
-----------
Combinations so far: 800000
Finished: 55.00%
Time : Sun Nov 17 2019 19:58:20 GMT+0100 (CET)
Best cost so far: 0.000386142
Best time so far: 28282
Best time so far: (not in constrains): 28282
Best cost so far: (not in constrains): 0.00038489100000000005
Pareto front length: 13
-----------
Combinations so far: 900000
Finished: 62.00%
Time : Sun Nov 17 2019 19:58:58 GMT+0100 (CET)
Best cost so far: 0.000386142
Best time so far: 27814
Best time so far: (not in constrains): 27814
Best cost so far: (not in constrains): 0.00038489100000000005
Pareto front length: 14
-----------
Combinations so far: 1000000
Finished: 69.00%
Time : Sun Nov 17 2019 19:59:35 GMT+0100 (CET)
Best cost so far: 0.000386142
Best time so far: 27370
Best time so far: (not in constrains): 27370
Best cost so far: (not in constrains): 0.00038489100000000005
Pareto front length: 16
-----------
Combinations so far: 1100000
Finished: 76.00%
Time : Sun Nov 17 2019 20:00:13 GMT+0100 (CET)
Best cost so far: 0.000386142
Best time so far: 27370
Best time so far: (not in constrains): 27370
Best cost so far: (not in constrains): 0.00038489100000000005
Pareto front length: 16
-----------
Combinations so far: 1200000
Finished: 83.00%
Time : Sun Nov 17 2019 20:00:50 GMT+0100 (CET)
Best cost so far: 0.000386142
Best time so far: 27370
Best time so far: (not in constrains): 27370
Best cost so far: (not in constrains): 0.00038489100000000005
Pareto front length: 13
-----------
Combinations so far: 1300000
Finished: 89.00%
Time : Sun Nov 17 2019 20:01:27 GMT+0100 (CET)
Best cost so far: 0.000386142
Best time so far: 27370
Best time so far: (not in constrains): 27370
Best cost so far: (not in constrains): 0.00038489100000000005
Pareto front length: 13
-----------
Combinations so far: 1400000
Finished: 96.00%
Time : Sun Nov 17 2019 20:02:04 GMT+0100 (CET)
Best cost so far: 0.000386142
Best time so far: 27370
Best time so far: (not in constrains): 27370
Best cost so far: (not in constrains): 0.00038489100000000005
Pareto front length: 10
Best const in constrains: 0.000386142 Best time in constrains: : 27370
